<?xml version="1.0" encoding="UTF-8"?>
<!-- Generated by org.testng.reporters.JUnitXMLReporter -->
<testsuite hostname="Avinash" name="Test" tests="2" failures="2" timestamp="15 Jul 2020 08:48:41 GMT" time="10.052" errors="0">
  <testcase name="cartSum" time="10.018" classname="GenaralStore_App.Ecm_Tc_4">
    <failure type="java.io.FileNotFoundException" message="C:\Users\Malempati Parvathi\Desktop\original\My_Appium_Framework\src\main\java\practise\AppiumFramework\global.properties (The system cannot find the path specified)">
      <![CDATA[java.io.FileNotFoundException: C:\Users\Malempati Parvathi\Desktop\original\My_Appium_Framework\src\main\java\practise\AppiumFramework\global.properties (The system cannot find the path specified)
	at java.io.FileInputStream.open0(Native Method)
	at java.io.FileInputStream.open(FileInputStream.java:195)
	at java.io.FileInputStream.<init>(FileInputStream.java:138)
	at java.io.FileInputStream.<init>(FileInputStream.java:93)
	at resources.Base.capabilities(Base.java:68)
	at GenaralStore_App.Ecm_Tc_4.cartSum(Ecm_Tc_4.java:38)
... Removed 24 stack frames]]>
    </failure>
  </testcase> <!-- cartSum -->
  <testcase name="cartSum" time="10.042" classname="GenaralStore_App.Ecm_Tc_4">
    <failure type="java.lang.NullPointerException">
      <![CDATA[java.lang.NullPointerException
	at resources.Base.getScreenshot(Base.java:101)
	at resources.Listeners.onTestFailure(Listeners.java:26)
... Removed 21 stack frames]]>
    </failure>
  </testcase> <!-- cartSum -->
</testsuite> <!-- Test -->
