<?xml version="1.0" encoding="UTF-8"?>
<testng-results skipped="0" failed="0" total="1" passed="1">
  <reporter-output>
  </reporter-output>
  <suite name="Suite" duration-ms="76933" started-at="2020-07-15T17:42:51Z" finished-at="2020-07-15T17:44:08Z">
    <groups>
    </groups>
    <test name="Store app" duration-ms="76933" started-at="2020-07-15T17:42:51Z" finished-at="2020-07-15T17:44:08Z">
      <class name="GenaralStore_App.Ecm_Tc_4">
        <test-method status="PASS" signature="startAppiumServer()[pri:0, instance:GenaralStore_App.Ecm_Tc_4@2ed0fbae]" name="startAppiumServer" is-config="true" duration-ms="26418" started-at="2020-07-15T23:12:51Z" finished-at="2020-07-15T23:13:18Z">
          <reporter-output>
          </reporter-output>
        </test-method> <!-- startAppiumServer -->
        <test-method status="PASS" signature="cartSum()[pri:0, instance:GenaralStore_App.Ecm_Tc_4@2ed0fbae]" name="cartSum" duration-ms="50384" started-at="2020-07-15T23:13:18Z" finished-at="2020-07-15T23:14:08Z">
          <reporter-output>
          </reporter-output>
        </test-method> <!-- cartSum -->
        <test-method status="PASS" signature="stopAppiumServer()[pri:0, instance:GenaralStore_App.Ecm_Tc_4@2ed0fbae]" name="stopAppiumServer" is-config="true" duration-ms="101" started-at="2020-07-15T23:14:08Z" finished-at="2020-07-15T23:14:08Z">
          <reporter-output>
          </reporter-output>
        </test-method> <!-- stopAppiumServer -->
      </class> <!-- GenaralStore_App.Ecm_Tc_4 -->
    </test> <!-- Store app -->
  </suite> <!-- Suite -->
</testng-results>
