<?xml version="1.0" encoding="UTF-8"?>
<testng-results skipped="0" failed="0" total="1" passed="1">
  <reporter-output>
  </reporter-output>
  <suite name="Suite" duration-ms="74104" started-at="2020-07-15T17:32:09Z" finished-at="2020-07-15T17:33:23Z">
    <groups>
    </groups>
    <test name="Store app" duration-ms="74104" started-at="2020-07-15T17:32:09Z" finished-at="2020-07-15T17:33:23Z">
      <class name="GenaralStore_App.Ecm_Tc_4">
        <test-method status="PASS" signature="startAppiumServer()[pri:0, instance:GenaralStore_App.Ecm_Tc_4@6b19b79]" name="startAppiumServer" is-config="true" duration-ms="26475" started-at="2020-07-15T23:02:09Z" finished-at="2020-07-15T23:02:35Z">
          <reporter-output>
          </reporter-output>
        </test-method> <!-- startAppiumServer -->
        <test-method status="PASS" signature="cartSum()[pri:0, instance:GenaralStore_App.Ecm_Tc_4@6b19b79]" name="cartSum" duration-ms="47486" started-at="2020-07-15T23:02:35Z" finished-at="2020-07-15T23:03:23Z">
          <reporter-output>
          </reporter-output>
        </test-method> <!-- cartSum -->
        <test-method status="PASS" signature="stopAppiumServer()[pri:0, instance:GenaralStore_App.Ecm_Tc_4@6b19b79]" name="stopAppiumServer" is-config="true" duration-ms="107" started-at="2020-07-15T23:03:23Z" finished-at="2020-07-15T23:03:23Z">
          <reporter-output>
          </reporter-output>
        </test-method> <!-- stopAppiumServer -->
      </class> <!-- GenaralStore_App.Ecm_Tc_4 -->
    </test> <!-- Store app -->
  </suite> <!-- Suite -->
</testng-results>
