<?xml version="1.0" encoding="UTF-8"?>
<testng-results skipped="0" failed="0" total="1" passed="1">
  <reporter-output>
  </reporter-output>
  <suite name="Default suite" duration-ms="81003" started-at="2020-07-13T13:08:06Z" finished-at="2020-07-13T13:09:27Z">
    <groups>
    </groups>
    <test name="Default test" duration-ms="81003" started-at="2020-07-13T13:08:06Z" finished-at="2020-07-13T13:09:27Z">
      <class name="GenaralStore_App.Ecm_Tc_4">
        <test-method status="PASS" signature="cartSum()[pri:0, instance:GenaralStore_App.Ecm_Tc_4@70be0a2b]" name="cartSum" duration-ms="80984" started-at="2020-07-13T18:38:06Z" finished-at="2020-07-13T18:39:27Z">
          <reporter-output>
          </reporter-output>
        </test-method> <!-- cartSum -->
      </class> <!-- GenaralStore_App.Ecm_Tc_4 -->
    </test> <!-- Default test -->
  </suite> <!-- Default suite -->
</testng-results>
